app/build/intermediates/manifest_merge_blame_file/debug/processDebugMainManifest/manifest-merger-blame-debug-report.txt
1<?xml version="1.0" encoding="utf-8"?>
2<manifest xmlns:android="http://schemas.android.com/apk/res/android"
3    package="com.example.myapplication"
4    android:versionCode="1"
5    android:versionName="1.0" >
6
7    <uses-sdk
8        android:minSdkVersion="24"
9        android:targetSdkVersion="35" />
10
11    <permission
11-->[androidx.core:core:1.9.0] AndroidManifest.xml:22:5-24:47
12        android:name="com.example.myapplication.DYNAMIC_RECEIVER_NOT_EXPORTED_PERMISSION"
12-->[androidx.core:core:1.9.0] AndroidManifest.xml:23:9-81
13        android:protectionLevel="signature" />
13-->[androidx.core:core:1.9.0] AndroidManifest.xml:24:9-44
14
15    <uses-permission android:name="com.example.myapplication.DYNAMIC_RECEIVER_NOT_EXPORTED_PERMISSION" />
15-->[androidx.core:core:1.9.0] AndroidManifest.xml:26:5-97
15-->[androidx.core:core:1.9.0] AndroidManifest.xml:26:22-94
16
17    <application
17-->src\main\AndroidManifest.xml:5:5-70:19
18        android:allowBackup="true"
18-->src\main\AndroidManifest.xml:6:9-35
19        android:appComponentFactory="androidx.core.app.CoreComponentFactory"
19-->[androidx.core:core:1.9.0] AndroidManifest.xml:28:18-86
20        android:dataExtractionRules="@xml/data_extraction_rules"
20-->src\main\AndroidManifest.xml:7:9-65
21        android:debuggable="true"
22        android:extractNativeLibs="false"
23        android:fullBackupContent="@xml/backup_rules"
23-->src\main\AndroidManifest.xml:8:9-54
24        android:icon="@mipmap/ic_launcher"
24-->src\main\AndroidManifest.xml:9:9-43
25        android:label="@string/app_name"
25-->src\main\AndroidManifest.xml:10:9-41
26        android:roundIcon="@mipmap/ic_launcher_round"
26-->src\main\AndroidManifest.xml:11:9-54
27        android:supportsRtl="true"
27-->src\main\AndroidManifest.xml:12:9-35
28        android:testOnly="true"
29        android:theme="@style/Theme.MyApplication" >
29-->src\main\AndroidManifest.xml:13:9-51
30        <activity
30-->src\main\AndroidManifest.xml:15:9-18:58
31            android:name="com.example.myapplication.Map"
31-->src\main\AndroidManifest.xml:16:13-32
32            android:exported="false"
32-->src\main\AndroidManifest.xml:17:13-37
33            android:theme="@style/Theme.MyApplication" />
33-->src\main\AndroidManifest.xml:18:13-55
34        <activity
34-->src\main\AndroidManifest.xml:19:9-26:58
35            android:name="com.example.myapplication.SearchPopup"
35-->src\main\AndroidManifest.xml:20:13-40
36            android:exported="false"
36-->src\main\AndroidManifest.xml:21:13-37
37            android:launchMode="singleTop"
37-->src\main\AndroidManifest.xml:22:13-43
38            android:theme="@style/Theme.MyApplication"
38-->src\main\AndroidManifest.xml:23:13-55
39            android:windowBackground="@android:color/transparent"
39-->src\main\AndroidManifest.xml:24:13-66
40            android:windowIsTranslucent="true"
40-->src\main\AndroidManifest.xml:25:13-47
41            android:windowSoftInputMode="adjustResize" />
41-->src\main\AndroidManifest.xml:26:13-55
42        <activity
42-->src\main\AndroidManifest.xml:27:9-36:20
43            android:name="com.example.myapplication.popup"
43-->src\main\AndroidManifest.xml:28:13-34
44            android:exported="true"
44-->src\main\AndroidManifest.xml:29:13-36
45            android:theme="@style/Theme.MyApplication" >
45-->src\main\AndroidManifest.xml:30:13-55
46            <intent-filter>
46-->src\main\AndroidManifest.xml:31:13-35:29
47                <action android:name="android.intent.action.MAIN" />
47-->src\main\AndroidManifest.xml:32:17-69
47-->src\main\AndroidManifest.xml:32:25-66
48
49                <category android:name="android.intent.category.LAUNCHER" />
49-->src\main\AndroidManifest.xml:34:17-77
49-->src\main\AndroidManifest.xml:34:27-74
50            </intent-filter>
51        </activity>
52        <activity
52-->src\main\AndroidManifest.xml:37:9-42:69
53            android:name="com.example.myapplication.Badge"
53-->src\main\AndroidManifest.xml:38:13-34
54            android:configChanges="orientation|keyboardHidden|screenSize"
54-->src\main\AndroidManifest.xml:39:13-74
55            android:exported="false"
55-->src\main\AndroidManifest.xml:40:13-37
56            android:label="@string/title_activity_badge"
56-->src\main\AndroidManifest.xml:41:13-57
57            android:theme="@style/Theme.MyApplication.Fullscreen" />
57-->src\main\AndroidManifest.xml:42:13-66
58        <activity
58-->src\main\AndroidManifest.xml:43:9-48:69
59            android:name="com.example.myapplication.Signup3"
59-->src\main\AndroidManifest.xml:44:13-36
60            android:configChanges="orientation|keyboardHidden|screenSize"
60-->src\main\AndroidManifest.xml:45:13-74
61            android:exported="false"
61-->src\main\AndroidManifest.xml:46:13-37
62            android:label="@string/title_activity_signup3"
62-->src\main\AndroidManifest.xml:47:13-59
63            android:theme="@style/Theme.MyApplication.Fullscreen" />
63-->src\main\AndroidManifest.xml:48:13-66
64        <activity
64-->src\main\AndroidManifest.xml:49:9-54:69
65            android:name="com.example.myapplication.Signup1"
65-->src\main\AndroidManifest.xml:50:13-36
66            android:configChanges="orientation|keyboardHidden|screenSize"
66-->src\main\AndroidManifest.xml:51:13-74
67            android:exported="false"
67-->src\main\AndroidManifest.xml:52:13-37
68            android:label="@string/title_activity_signup1"
68-->src\main\AndroidManifest.xml:53:13-59
69            android:theme="@style/Theme.MyApplication.Fullscreen" />
69-->src\main\AndroidManifest.xml:54:13-66
70        <activity
70-->src\main\AndroidManifest.xml:55:9-60:69
71            android:name="com.example.myapplication.Signup2"
71-->src\main\AndroidManifest.xml:56:13-36
72            android:configChanges="orientation|keyboardHidden|screenSize"
72-->src\main\AndroidManifest.xml:57:13-74
73            android:exported="false"
73-->src\main\AndroidManifest.xml:58:13-37
74            android:label="@string/title_activity_signup"
74-->src\main\AndroidManifest.xml:59:13-58
75            android:theme="@style/Theme.MyApplication.Fullscreen" />
75-->src\main\AndroidManifest.xml:60:13-66
76        <activity
76-->src\main\AndroidManifest.xml:61:9-69:20
77            android:name="com.example.myapplication.Login"
77-->src\main\AndroidManifest.xml:62:13-34
78            android:exported="true" >
78-->src\main\AndroidManifest.xml:63:13-36
79            <intent-filter>
79-->src\main\AndroidManifest.xml:31:13-35:29
80                <action android:name="android.intent.action.MAIN" />
80-->src\main\AndroidManifest.xml:32:17-69
80-->src\main\AndroidManifest.xml:32:25-66
81
82                <category android:name="android.intent.category.LAUNCHER" />
82-->src\main\AndroidManifest.xml:34:17-77
82-->src\main\AndroidManifest.xml:34:27-74
83            </intent-filter>
84        </activity>
85
86        <provider
86-->[androidx.emoji2:emoji2:1.2.0] AndroidManifest.xml:24:9-32:20
87            android:name="androidx.startup.InitializationProvider"
87-->[androidx.emoji2:emoji2:1.2.0] AndroidManifest.xml:25:13-67
88            android:authorities="com.example.myapplication.androidx-startup"
88-->[androidx.emoji2:emoji2:1.2.0] AndroidManifest.xml:26:13-68
89            android:exported="false" >
89-->[androidx.emoji2:emoji2:1.2.0] AndroidManifest.xml:27:13-37
90            <meta-data
90-->[androidx.emoji2:emoji2:1.2.0] AndroidManifest.xml:29:13-31:52
91                android:name="androidx.emoji2.text.EmojiCompatInitializer"
91-->[androidx.emoji2:emoji2:1.2.0] AndroidManifest.xml:30:17-75
92                android:value="androidx.startup" />
92-->[androidx.emoji2:emoji2:1.2.0] AndroidManifest.xml:31:17-49
93            <meta-data
93-->[androidx.lifecycle:lifecycle-process:2.6.1] AndroidManifest.xml:29:13-31:52
94                android:name="androidx.lifecycle.ProcessLifecycleInitializer"
94-->[androidx.lifecycle:lifecycle-process:2.6.1] AndroidManifest.xml:30:17-78
95                android:value="androidx.startup" />
95-->[androidx.lifecycle:lifecycle-process:2.6.1] AndroidManifest.xml:31:17-49
96            <meta-data
96-->[androidx.profileinstaller:profileinstaller:1.3.0] AndroidManifest.xml:29:13-31:52
97                android:name="androidx.profileinstaller.ProfileInstallerInitializer"
97-->[androidx.profileinstaller:profileinstaller:1.3.0] AndroidManifest.xml:30:17-85
98                android:value="androidx.startup" />
98-->[androidx.profileinstaller:profileinstaller:1.3.0] AndroidManifest.xml:31:17-49
99        </provider>
100
101        <uses-library
101-->[androidx.window:window:1.0.0] AndroidManifest.xml:25:9-27:40
102            android:name="androidx.window.extensions"
102-->[androidx.window:window:1.0.0] AndroidManifest.xml:26:13-54
103            android:required="false" />
103-->[androidx.window:window:1.0.0] AndroidManifest.xml:27:13-37
104        <uses-library
104-->[androidx.window:window:1.0.0] AndroidManifest.xml:28:9-30:40
105            android:name="androidx.window.sidecar"
105-->[androidx.window:window:1.0.0] AndroidManifest.xml:29:13-51
106            android:required="false" />
106-->[androidx.window:window:1.0.0] AndroidManifest.xml:30:13-37
107
108        <receiver
108-->[androidx.profileinstaller:profileinstaller:1.3.0] AndroidManifest.xml:34:9-52:20
109            android:name="androidx.profileinstaller.ProfileInstallReceiver"
109-->[androidx.profileinstaller:profileinstaller:1.3.0] AndroidManifest.xml:35:13-76
110            android:directBootAware="false"
110-->[androidx.profileinstaller:profileinstaller:1.3.0] AndroidManifest.xml:36:13-44
111            android:enabled="true"
111-->[androidx.profileinstaller:profileinstaller:1.3.0] AndroidManifest.xml:37:13-35
112            android:exported="true"
112-->[androidx.profileinstaller:profileinstaller:1.3.0] AndroidManifest.xml:38:13-36
113            android:permission="android.permission.DUMP" >
113-->[androidx.profileinstaller:profileinstaller:1.3.0] AndroidManifest.xml:39:13-57
114            <intent-filter>
114-->[androidx.profileinstaller:profileinstaller:1.3.0] AndroidManifest.xml:40:13-42:29
115                <action android:name="androidx.profileinstaller.action.INSTALL_PROFILE" />
115-->[androidx.profileinstaller:profileinstaller:1.3.0] AndroidManifest.xml:41:17-91
115-->[androidx.profileinstaller:profileinstaller:1.3.0] AndroidManifest.xml:41:25-88
116            </intent-filter>
117            <intent-filter>
117-->[androidx.profileinstaller:profileinstaller:1.3.0] AndroidManifest.xml:43:13-45:29
118                <action android:name="androidx.profileinstaller.action.SKIP_FILE" />
118-->[androidx.profileinstaller:profileinstaller:1.3.0] AndroidManifest.xml:44:17-85
118-->[androidx.profileinstaller:profileinstaller:1.3.0] AndroidManifest.xml:44:25-82
119            </intent-filter>
120            <intent-filter>
120-->[androidx.profileinstaller:profileinstaller:1.3.0] AndroidManifest.xml:46:13-48:29
121                <action android:name="androidx.profileinstaller.action.SAVE_PROFILE" />
121-->[androidx.profileinstaller:profileinstaller:1.3.0] AndroidManifest.xml:47:17-88
121-->[androidx.profileinstaller:profileinstaller:1.3.0] AndroidManifest.xml:47:25-85
122            </intent-filter>
123            <intent-filter>
123-->[androidx.profileinstaller:profileinstaller:1.3.0] AndroidManifest.xml:49:13-51:29
124                <action android:name="androidx.profileinstaller.action.BENCHMARK_OPERATION" />
124-->[androidx.profileinstaller:profileinstaller:1.3.0] AndroidManifest.xml:50:17-95
124-->[androidx.profileinstaller:profileinstaller:1.3.0] AndroidManifest.xml:50:25-92
125            </intent-filter>
126        </receiver>
127    </application>
128
129</manifest>